[ 2018-06-28T09:06:12+08:00 ] ::1 /MyPHP/css/index.css
ERR: 无法加载控制器:Css

[ 2018-06-28T09:06:14+08:00 ] ::1 /MyPHP/css/index.css
ERR: 无法加载控制器:Css

[ 2018-06-28T10:30:07+08:00 ] ::1 /MyPHP/Test
ERR: 无法加载控制器:Test

[ 2018-06-28T10:31:48+08:00 ] ::1 /MyPHP/style.css
ERR: 无法加载控制器:Style.css

[ 2018-06-28T10:37:21+08:00 ] ::1 /MyPHP/style.css
ERR: 无法加载控制器:Style.css

[ 2018-06-28T10:42:58+08:00 ] ::1 /MyPHP/style.css
ERR: 无法加载控制器:Style.css

[ 2018-06-28T11:00:01+08:00 ] ::1 /MyPHP/style.css
ERR: 无法加载控制器:Style.css

[ 2018-06-28T11:17:11+08:00 ] ::1 /MyPHP/Common/header
ERR: 无法加载控制器:Common

[ 2018-06-28T14:25:01+08:00 ] ::1 /MyPHP/Login
ERR: 模板不存在:./Application/Home/View/Login/index.html

[ 2018-06-28T14:25:55+08:00 ] ::1 /MyPHP/Login
ERR: 模板不存在:./Application/Home/View/Login/index.html

[ 2018-06-28T14:27:08+08:00 ] ::1 /MyPHP/Login
ERR: 模板不存在:./Application/Home/View/Login/index.html

[ 2018-06-28T15:54:47+08:00 ] ::1 /MyPHP/Login/Public/css/index.css
ERR: 非法操作:Public

[ 2018-06-28T15:54:47+08:00 ] ::1 /MyPHP/Login/Public/css/login.css
ERR: 非法操作:Public

[ 2018-06-28T15:54:49+08:00 ] ::1 /MyPHP/Login/Public/css/login.css
ERR: 非法操作:Public

[ 2018-06-28T15:54:49+08:00 ] ::1 /MyPHP/Login/Public/css/index.css
ERR: 非法操作:Public

[ 2018-06-28T16:32:54+08:00 ] ::1 /MyPHP/Login/Public/css/index.css
ERR: 非法操作:Public

[ 2018-06-28T16:32:54+08:00 ] ::1 /MyPHP/Login/Public/css/login.css
ERR: 非法操作:Public

[ 2018-06-28T16:32:54+08:00 ] ::1 /MyPHP/Login/Public/css/register.css
ERR: 非法操作:Public

[ 2018-06-28T16:32:59+08:00 ] ::1 /MyPHP/Login/Public/css/login.css
ERR: 非法操作:Public

[ 2018-06-28T16:32:59+08:00 ] ::1 /MyPHP/Login/Public/css/register.css
ERR: 非法操作:Public

[ 2018-06-28T16:32:59+08:00 ] ::1 /MyPHP/Login/Public/css/index.css
ERR: 非法操作:Public

[ 2018-06-28T16:33:02+08:00 ] ::1 /MyPHP/Login/Public/css/index.css
ERR: 非法操作:Public

[ 2018-06-28T16:33:02+08:00 ] ::1 /MyPHP/Login/Public/css/register.css
ERR: 非法操作:Public

[ 2018-06-28T16:33:02+08:00 ] ::1 /MyPHP/Login/Public/css/login.css
ERR: 非法操作:Public

[ 2018-06-28T16:33:06+08:00 ] ::1 /MyPHP/Login/Public/css/register.css
ERR: 非法操作:Public

[ 2018-06-28T16:33:06+08:00 ] ::1 /MyPHP/Login/Public/css/login.css
ERR: 非法操作:Public

[ 2018-06-28T16:33:06+08:00 ] ::1 /MyPHP/Login/Public/css/index.css
ERR: 非法操作:Public

[ 2018-06-28T16:33:09+08:00 ] ::1 /MyPHP/Login/Public/css/index.css
ERR: 非法操作:Public

[ 2018-06-28T16:33:09+08:00 ] ::1 /MyPHP/Login/Public/css/login.css
ERR: 非法操作:Public

[ 2018-06-28T16:33:14+08:00 ] ::1 /MyPHP/Login/Public/css/index.css
ERR: 非法操作:Public

[ 2018-06-28T16:33:14+08:00 ] ::1 /MyPHP/Login/Public/css/login.css
ERR: 非法操作:Public

[ 2018-06-28T16:33:15+08:00 ] ::1 /MyPHP/Login/Public/css/index.css
ERR: 非法操作:Public

[ 2018-06-28T16:33:15+08:00 ] ::1 /MyPHP/Login/Public/css/login.css
ERR: 非法操作:Public

[ 2018-06-28T16:33:15+08:00 ] ::1 /MyPHP/Login/Public/css/index.css
ERR: 非法操作:Public

[ 2018-06-28T16:33:15+08:00 ] ::1 /MyPHP/Login/Public/css/login.css
ERR: 非法操作:Public

[ 2018-06-28T16:33:15+08:00 ] ::1 /MyPHP/Login/Public/css/index.css
ERR: 非法操作:Public

[ 2018-06-28T16:33:15+08:00 ] ::1 /MyPHP/Login/Public/css/login.css
ERR: 非法操作:Public

[ 2018-06-28T16:33:16+08:00 ] ::1 /MyPHP/Login/Public/css/index.css
ERR: 非法操作:Public

[ 2018-06-28T16:33:16+08:00 ] ::1 /MyPHP/Login/Public/css/login.css
ERR: 非法操作:Public

[ 2018-06-28T16:33:44+08:00 ] ::1 /MyPHP/Index/Public/css/login.css
ERR: 非法操作:Public

[ 2018-06-28T16:33:44+08:00 ] ::1 /MyPHP/Index/Public/css/index.css
ERR: 非法操作:Public

[ 2018-06-28T16:34:58+08:00 ] ::1 /MyPHP/Login/Public/css/index.css
ERR: 非法操作:Public

[ 2018-06-28T16:34:58+08:00 ] ::1 /MyPHP/Login/Public/css/register.css
ERR: 非法操作:Public

[ 2018-06-28T16:34:58+08:00 ] ::1 /MyPHP/Login/Public/css/login.css
ERR: 非法操作:Public

[ 2018-06-28T16:35:01+08:00 ] ::1 /MyPHP/Login/Public/css/login.css
ERR: 非法操作:Public

[ 2018-06-28T16:35:01+08:00 ] ::1 /MyPHP/Login/Public/css/register.css
ERR: 非法操作:Public

[ 2018-06-28T16:35:01+08:00 ] ::1 /MyPHP/Login/Public/css/index.css
ERR: 非法操作:Public

[ 2018-06-28T16:36:51+08:00 ] ::1 /MyPHP/css/login.css
ERR: 无法加载控制器:Css

[ 2018-06-28T16:36:51+08:00 ] ::1 /MyPHP/css/index.css
ERR: 无法加载控制器:Css

[ 2018-06-28T16:37:25+08:00 ] ::1 /MyPHP/Login/Public/css/login.css
ERR: 非法操作:Public

[ 2018-06-28T16:37:25+08:00 ] ::1 /MyPHP/Login/Public/css/register.css
ERR: 非法操作:Public

[ 2018-06-28T16:37:25+08:00 ] ::1 /MyPHP/Login/Public/css/index.css
ERR: 非法操作:Public

[ 2018-06-28T16:37:35+08:00 ] ::1 /MyPHP/Login/Public/css/register.css
ERR: 非法操作:Public

