[ 2018-06-27T10:43:20+08:00 ] ::1 /MyPHP/
ERR: 1146:Table 'register.register_user' doesn't exist
 [ SQL语句 ] : SHOW COLUMNS FROM `register_user`

[ 2018-06-27T10:54:19+08:00 ] ::1 /MyPHP/
ERR: 模板不存在:./Application/Home/View/Index/index.html

[ 2018-06-27T10:54:41+08:00 ] ::1 /MyPHP/Home/Login/regis
ERR: 无法加载控制器:Home

[ 2018-06-27T10:55:16+08:00 ] ::1 /MyPHP/Home/Login/regis
ERR: 无法加载控制器:Home

[ 2018-06-27T10:55:35+08:00 ] ::1 /MyPHP/Home/Login/regis
ERR: 无法加载控制器:Home

[ 2018-06-27T10:55:55+08:00 ] ::1 /MyPHP/Home/Login/regis
ERR: 无法加载控制器:Home

[ 2018-06-27T10:55:58+08:00 ] ::1 /MyPHP/Home/Login/regis
ERR: 无法加载控制器:Home

[ 2018-06-27T11:20:47+08:00 ] ::1 /MyPHP/Home
ERR: 无法加载控制器:Home

[ 2018-06-27T11:21:09+08:00 ] ::1 /MyPHP/Home/Login
ERR: 无法加载控制器:Home

[ 2018-06-27T11:21:40+08:00 ] ::1 /MyPHP/Home/Login
ERR: 无法加载控制器:Home

[ 2018-06-27T11:21:51+08:00 ] ::1 /MyPHP/index.php/Home/Login
ERR: 无法加载控制器:Home

[ 2018-06-27T11:24:44+08:00 ] ::1 /MyPHP/Login
ERR: 无法加载控制器:Login

[ 2018-06-27T11:27:16+08:00 ] ::1 /MyPHP/index.php/Home/Login
ERR: 无法加载控制器:Home

[ 2018-06-27T13:43:30+08:00 ] 127.0.0.1 /MyPHP/Login
ERR: 1054:Unknown column 'zhhdsd' in 'where clause'
 [ SQL语句 ] : SELECT * FROM `register_user` WHERE ( zhhdsd ) 

[ 2018-06-27T13:45:53+08:00 ] 127.0.0.1 /MyPHP/Login
ERR: 1054:Unknown column 'zhhdsd' in 'where clause'
 [ SQL语句 ] : SELECT * FROM `register_user` WHERE ( zhhdsd ) 

[ 2018-06-27T13:46:09+08:00 ] 127.0.0.1 /MyPHP/Login
ERR: 1054:Unknown column 'erer' in 'where clause'
 [ SQL语句 ] : SELECT * FROM `register_user` WHERE ( erer ) 

[ 2018-06-27T14:33:38+08:00 ] 127.0.0.1 /MyPHP/Test
ERR: 无法加载控制器:Test

[ 2018-06-27T14:33:47+08:00 ] 127.0.0.1 /MyPHP/Test/Index
ERR: 无法加载控制器:Test

[ 2018-06-27T14:34:26+08:00 ] 127.0.0.1 /MyPHP/Admin
ERR: 无法加载控制器:Admin

[ 2018-06-27T14:34:36+08:00 ] 127.0.0.1 /MyPHP/Admin/Index
ERR: 无法加载控制器:Admin

[ 2018-06-27T14:34:47+08:00 ] 127.0.0.1 /MyPHP/Admin/Index/index
ERR: 无法加载控制器:Admin

[ 2018-06-27T16:43:58+08:00 ] 127.0.0.1 /MyPHP/MyPHP/Login
ERR: 无法加载控制器:MyPHP

[ 2018-06-27T16:44:21+08:00 ] 127.0.0.1 /MyPHP/MyPHP/Login
ERR: 无法加载控制器:MyPHP

