[ 2018-06-25T16:45:46+08:00 ] ::1 /th/index.php
INFO: [ app_init ] --START--
INFO: Run Behavior\BuildLiteBehavior [ RunTime:0.000000s ]
INFO: [ app_init ] --END-- [ RunTime:0.000000s ]
INFO: [ app_begin ] --START--
INFO: Run Behavior\ReadHtmlCacheBehavior [ RunTime:0.001000s ]
INFO: [ app_begin ] --END-- [ RunTime:0.001000s ]
INFO: [ view_parse ] --START--
INFO: [ template_filter ] --START--
INFO: Run Behavior\ContentReplaceBehavior [ RunTime:0.000000s ]
INFO: [ template_filter ] --END-- [ RunTime:0.000000s ]
INFO: Run Behavior\ParseTemplateBehavior [ RunTime:0.004000s ]
INFO: [ view_parse ] --END-- [ RunTime:0.005000s ]
INFO: [ view_filter ] --START--
INFO: Run Behavior\WriteHtmlCacheBehavior [ RunTime:0.000000s ]
INFO: [ view_filter ] --END-- [ RunTime:0.000000s ]
INFO: [ app_end ] --START--
INFO: Run Behavior\ShowPageTraceBehavior [ RunTime:0.001000s ]
INFO: [ app_end ] --END-- [ RunTime:0.001000s ]

[ 2018-06-25T16:47:39+08:00 ] ::1 /th/
INFO: [ app_init ] --START--
INFO: Run Behavior\BuildLiteBehavior [ RunTime:0.000000s ]
INFO: [ app_init ] --END-- [ RunTime:0.001000s ]
INFO: [ app_begin ] --START--
INFO: Run Behavior\ReadHtmlCacheBehavior [ RunTime:0.001000s ]
INFO: [ app_begin ] --END-- [ RunTime:0.001000s ]
INFO: [ view_parse ] --START--
INFO: Run Behavior\ParseTemplateBehavior [ RunTime:0.001000s ]
INFO: [ view_parse ] --END-- [ RunTime:0.001000s ]
INFO: [ view_filter ] --START--
INFO: Run Behavior\WriteHtmlCacheBehavior [ RunTime:0.000000s ]
INFO: [ view_filter ] --END-- [ RunTime:0.000000s ]
INFO: [ app_end ] --START--
INFO: Run Behavior\ShowPageTraceBehavior [ RunTime:0.001000s ]
INFO: [ app_end ] --END-- [ RunTime:0.001000s ]

[ 2018-06-25T17:14:25+08:00 ] ::1 /th/
INFO: [ app_init ] --START--
INFO: Run Behavior\BuildLiteBehavior [ RunTime:0.000000s ]
INFO: [ app_init ] --END-- [ RunTime:0.000000s ]
INFO: [ app_begin ] --START--
INFO: Run Behavior\ReadHtmlCacheBehavior [ RunTime:0.001000s ]
INFO: [ app_begin ] --END-- [ RunTime:0.001000s ]

[ 2018-06-25T17:16:57+08:00 ] ::1 /th/index.php
INFO: [ app_init ] --START--
INFO: Run Behavior\BuildLiteBehavior [ RunTime:0.000000s ]
INFO: [ app_init ] --END-- [ RunTime:0.000000s ]
INFO: [ app_begin ] --START--
INFO: Run Behavior\ReadHtmlCacheBehavior [ RunTime:0.001000s ]
INFO: [ app_begin ] --END-- [ RunTime:0.001000s ]

[ 2018-06-25T17:17:32+08:00 ] ::1 /th/index.php
INFO: [ app_init ] --START--
INFO: Run Behavior\BuildLiteBehavior [ RunTime:0.000000s ]
INFO: [ app_init ] --END-- [ RunTime:0.000000s ]
INFO: [ app_begin ] --START--
INFO: Run Behavior\ReadHtmlCacheBehavior [ RunTime:0.001000s ]
INFO: [ app_begin ] --END-- [ RunTime:0.001000s ]

[ 2018-06-25T17:17:32+08:00 ] ::1 /th/index.php
INFO: [ app_init ] --START--
INFO: Run Behavior\BuildLiteBehavior [ RunTime:0.000000s ]
INFO: [ app_init ] --END-- [ RunTime:0.000000s ]
INFO: [ app_begin ] --START--
INFO: Run Behavior\ReadHtmlCacheBehavior [ RunTime:0.001000s ]
INFO: [ app_begin ] --END-- [ RunTime:0.001000s ]

[ 2018-06-25T17:17:33+08:00 ] ::1 /th/index.php
INFO: [ app_init ] --START--
INFO: Run Behavior\BuildLiteBehavior [ RunTime:0.000000s ]
INFO: [ app_init ] --END-- [ RunTime:0.001000s ]
INFO: [ app_begin ] --START--
INFO: Run Behavior\ReadHtmlCacheBehavior [ RunTime:0.001000s ]
INFO: [ app_begin ] --END-- [ RunTime:0.001000s ]

[ 2018-06-25T17:17:33+08:00 ] ::1 /th/index.php
INFO: [ app_init ] --START--
INFO: Run Behavior\BuildLiteBehavior [ RunTime:0.000000s ]
INFO: [ app_init ] --END-- [ RunTime:0.001000s ]
INFO: [ app_begin ] --START--
INFO: Run Behavior\ReadHtmlCacheBehavior [ RunTime:0.001000s ]
INFO: [ app_begin ] --END-- [ RunTime:0.002000s ]

[ 2018-06-25T17:18:11+08:00 ] ::1 /th/index.php
INFO: [ app_init ] --START--
INFO: Run Behavior\BuildLiteBehavior [ RunTime:0.000000s ]
INFO: [ app_init ] --END-- [ RunTime:0.000000s ]
INFO: [ app_begin ] --START--
INFO: Run Behavior\ReadHtmlCacheBehavior [ RunTime:0.001000s ]
INFO: [ app_begin ] --END-- [ RunTime:0.001000s ]

[ 2018-06-25T17:18:27+08:00 ] ::1 /th/
INFO: [ app_init ] --START--
INFO: Run Behavior\BuildLiteBehavior [ RunTime:0.000000s ]
INFO: [ app_init ] --END-- [ RunTime:0.001000s ]
INFO: [ app_begin ] --START--
INFO: Run Behavior\ReadHtmlCacheBehavior [ RunTime:0.001000s ]
INFO: [ app_begin ] --END-- [ RunTime:0.001000s ]

[ 2018-06-25T17:19:03+08:00 ] ::1 /th/
INFO: [ app_init ] --START--
INFO: Run Behavior\BuildLiteBehavior [ RunTime:0.000000s ]
INFO: [ app_init ] --END-- [ RunTime:0.000000s ]
INFO: [ app_begin ] --START--
INFO: Run Behavior\ReadHtmlCacheBehavior [ RunTime:0.001000s ]
INFO: [ app_begin ] --END-- [ RunTime:0.001000s ]

[ 2018-06-25T17:19:04+08:00 ] ::1 /th/
INFO: [ app_init ] --START--
INFO: Run Behavior\BuildLiteBehavior [ RunTime:0.000000s ]
INFO: [ app_init ] --END-- [ RunTime:0.001000s ]
INFO: [ app_begin ] --START--
INFO: Run Behavior\ReadHtmlCacheBehavior [ RunTime:0.001000s ]
INFO: [ app_begin ] --END-- [ RunTime:0.001000s ]

[ 2018-06-25T17:19:45+08:00 ] ::1 /th/
INFO: [ app_init ] --START--
INFO: Run Behavior\BuildLiteBehavior [ RunTime:0.000000s ]
INFO: [ app_init ] --END-- [ RunTime:0.000000s ]
INFO: [ app_begin ] --START--
INFO: Run Behavior\ReadHtmlCacheBehavior [ RunTime:0.002000s ]
INFO: [ app_begin ] --END-- [ RunTime:0.002000s ]
INFO: [ app_end ] --START--
INFO: Run Behavior\ShowPageTraceBehavior [ RunTime:0.001000s ]
INFO: [ app_end ] --END-- [ RunTime:0.001000s ]

[ 2018-06-25T17:21:03+08:00 ] ::1 /th/
INFO: [ app_init ] --START--
INFO: Run Behavior\BuildLiteBehavior [ RunTime:0.000000s ]
INFO: [ app_init ] --END-- [ RunTime:0.001000s ]
INFO: [ app_begin ] --START--
INFO: Run Behavior\ReadHtmlCacheBehavior [ RunTime:0.001000s ]
INFO: [ app_begin ] --END-- [ RunTime:0.001000s ]
NOTIC: [8] Use of undefined constant Index - assumed 'Index' D:\phpStudy\WWW\th\Application\Home\Controller\IndexController.class.php 第 7 行.
NOTIC: [8] Use of undefined constant login - assumed 'login' D:\phpStudy\WWW\th\Application\Home\Controller\IndexController.class.php 第 7 行.
NOTIC: [2] Division by zero D:\phpStudy\WWW\th\Application\Home\Controller\IndexController.class.php 第 7 行.
NOTIC: [8] Use of undefined constant html - assumed 'html' D:\phpStudy\WWW\th\Application\Home\Controller\IndexController.class.php 第 7 行.
ERR: 模板不存在:./Application/Home/View/Index/html.html

[ 2018-06-25T17:21:42+08:00 ] ::1 /th/
INFO: [ app_init ] --START--
INFO: Run Behavior\BuildLiteBehavior [ RunTime:0.000000s ]
INFO: [ app_init ] --END-- [ RunTime:0.001000s ]
INFO: [ app_begin ] --START--
INFO: Run Behavior\ReadHtmlCacheBehavior [ RunTime:0.002000s ]
INFO: [ app_begin ] --END-- [ RunTime:0.002000s ]
NOTIC: [8] Use of undefined constant Index - assumed 'Index' D:\phpStudy\WWW\th\Application\Home\Controller\IndexController.class.php 第 7 行.
NOTIC: [8] Use of undefined constant login - assumed 'login' D:\phpStudy\WWW\th\Application\Home\Controller\IndexController.class.php 第 7 行.
NOTIC: [2] Division by zero D:\phpStudy\WWW\th\Application\Home\Controller\IndexController.class.php 第 7 行.
NOTIC: [8] Use of undefined constant html - assumed 'html' D:\phpStudy\WWW\th\Application\Home\Controller\IndexController.class.php 第 7 行.
ERR: 模板不存在:./Application/Home/View/Index/html.html

[ 2018-06-25T17:21:43+08:00 ] ::1 /th/
INFO: [ app_init ] --START--
INFO: Run Behavior\BuildLiteBehavior [ RunTime:0.000000s ]
INFO: [ app_init ] --END-- [ RunTime:0.001000s ]
INFO: [ app_begin ] --START--
INFO: Run Behavior\ReadHtmlCacheBehavior [ RunTime:0.001001s ]
INFO: [ app_begin ] --END-- [ RunTime:0.001001s ]
NOTIC: [8] Use of undefined constant Index - assumed 'Index' D:\phpStudy\WWW\th\Application\Home\Controller\IndexController.class.php 第 7 行.
NOTIC: [8] Use of undefined constant login - assumed 'login' D:\phpStudy\WWW\th\Application\Home\Controller\IndexController.class.php 第 7 行.
NOTIC: [2] Division by zero D:\phpStudy\WWW\th\Application\Home\Controller\IndexController.class.php 第 7 行.
NOTIC: [8] Use of undefined constant html - assumed 'html' D:\phpStudy\WWW\th\Application\Home\Controller\IndexController.class.php 第 7 行.
ERR: 模板不存在:./Application/Home/View/Index/html.html

[ 2018-06-25T17:21:48+08:00 ] ::1 /th/
INFO: [ app_init ] --START--
INFO: Run Behavior\BuildLiteBehavior [ RunTime:0.000000s ]
INFO: [ app_init ] --END-- [ RunTime:0.001000s ]
INFO: [ app_begin ] --START--
INFO: Run Behavior\ReadHtmlCacheBehavior [ RunTime:0.001000s ]
INFO: [ app_begin ] --END-- [ RunTime:0.001000s ]
NOTIC: [8] Use of undefined constant Index - assumed 'Index' D:\phpStudy\WWW\th\Application\Home\Controller\IndexController.class.php 第 7 行.
NOTIC: [8] Use of undefined constant login - assumed 'login' D:\phpStudy\WWW\th\Application\Home\Controller\IndexController.class.php 第 7 行.
NOTIC: [2] Division by zero D:\phpStudy\WWW\th\Application\Home\Controller\IndexController.class.php 第 7 行.
NOTIC: [8] Use of undefined constant html - assumed 'html' D:\phpStudy\WWW\th\Application\Home\Controller\IndexController.class.php 第 7 行.
ERR: 模板不存在:./Application/Home/View/Index/html.html

[ 2018-06-25T17:21:49+08:00 ] ::1 /th/
INFO: [ app_init ] --START--
INFO: Run Behavior\BuildLiteBehavior [ RunTime:0.000000s ]
INFO: [ app_init ] --END-- [ RunTime:0.001000s ]
INFO: [ app_begin ] --START--
INFO: Run Behavior\ReadHtmlCacheBehavior [ RunTime:0.000000s ]
INFO: [ app_begin ] --END-- [ RunTime:0.000000s ]
NOTIC: [8] Use of undefined constant Index - assumed 'Index' D:\phpStudy\WWW\th\Application\Home\Controller\IndexController.class.php 第 7 行.
NOTIC: [8] Use of undefined constant login - assumed 'login' D:\phpStudy\WWW\th\Application\Home\Controller\IndexController.class.php 第 7 行.
NOTIC: [2] Division by zero D:\phpStudy\WWW\th\Application\Home\Controller\IndexController.class.php 第 7 行.
NOTIC: [8] Use of undefined constant html - assumed 'html' D:\phpStudy\WWW\th\Application\Home\Controller\IndexController.class.php 第 7 行.
ERR: 模板不存在:./Application/Home/View/Index/html.html

[ 2018-06-25T17:21:49+08:00 ] ::1 /th/
INFO: [ app_init ] --START--
INFO: Run Behavior\BuildLiteBehavior [ RunTime:0.000000s ]
INFO: [ app_init ] --END-- [ RunTime:0.001000s ]
INFO: [ app_begin ] --START--
INFO: Run Behavior\ReadHtmlCacheBehavior [ RunTime:0.000000s ]
INFO: [ app_begin ] --END-- [ RunTime:0.000000s ]
NOTIC: [8] Use of undefined constant Index - assumed 'Index' D:\phpStudy\WWW\th\Application\Home\Controller\IndexController.class.php 第 7 行.
NOTIC: [8] Use of undefined constant login - assumed 'login' D:\phpStudy\WWW\th\Application\Home\Controller\IndexController.class.php 第 7 行.
NOTIC: [2] Division by zero D:\phpStudy\WWW\th\Application\Home\Controller\IndexController.class.php 第 7 行.
NOTIC: [8] Use of undefined constant html - assumed 'html' D:\phpStudy\WWW\th\Application\Home\Controller\IndexController.class.php 第 7 行.
ERR: 模板不存在:./Application/Home/View/Index/html.html

[ 2018-06-25T17:21:50+08:00 ] ::1 /th/
INFO: [ app_init ] --START--
INFO: Run Behavior\BuildLiteBehavior [ RunTime:0.000000s ]
INFO: [ app_init ] --END-- [ RunTime:0.001000s ]
INFO: [ app_begin ] --START--
INFO: Run Behavior\ReadHtmlCacheBehavior [ RunTime:0.000000s ]
INFO: [ app_begin ] --END-- [ RunTime:0.000000s ]
NOTIC: [8] Use of undefined constant Index - assumed 'Index' D:\phpStudy\WWW\th\Application\Home\Controller\IndexController.class.php 第 7 行.
NOTIC: [8] Use of undefined constant login - assumed 'login' D:\phpStudy\WWW\th\Application\Home\Controller\IndexController.class.php 第 7 行.
NOTIC: [2] Division by zero D:\phpStudy\WWW\th\Application\Home\Controller\IndexController.class.php 第 7 行.
NOTIC: [8] Use of undefined constant html - assumed 'html' D:\phpStudy\WWW\th\Application\Home\Controller\IndexController.class.php 第 7 行.
ERR: 模板不存在:./Application/Home/View/Index/html.html

[ 2018-06-25T17:21:50+08:00 ] ::1 /th/
INFO: [ app_init ] --START--
INFO: Run Behavior\BuildLiteBehavior [ RunTime:0.000000s ]
INFO: [ app_init ] --END-- [ RunTime:0.001000s ]
INFO: [ app_begin ] --START--
INFO: Run Behavior\ReadHtmlCacheBehavior [ RunTime:0.001000s ]
INFO: [ app_begin ] --END-- [ RunTime:0.002000s ]
NOTIC: [8] Use of undefined constant Index - assumed 'Index' D:\phpStudy\WWW\th\Application\Home\Controller\IndexController.class.php 第 7 行.
NOTIC: [8] Use of undefined constant login - assumed 'login' D:\phpStudy\WWW\th\Application\Home\Controller\IndexController.class.php 第 7 行.
NOTIC: [2] Division by zero D:\phpStudy\WWW\th\Application\Home\Controller\IndexController.class.php 第 7 行.
NOTIC: [8] Use of undefined constant html - assumed 'html' D:\phpStudy\WWW\th\Application\Home\Controller\IndexController.class.php 第 7 行.
ERR: 模板不存在:./Application/Home/View/Index/html.html

[ 2018-06-25T17:21:50+08:00 ] ::1 /th/
INFO: [ app_init ] --START--
INFO: Run Behavior\BuildLiteBehavior [ RunTime:0.000000s ]
INFO: [ app_init ] --END-- [ RunTime:0.000000s ]
INFO: [ app_begin ] --START--
INFO: Run Behavior\ReadHtmlCacheBehavior [ RunTime:0.000000s ]
INFO: [ app_begin ] --END-- [ RunTime:0.000000s ]
NOTIC: [8] Use of undefined constant Index - assumed 'Index' D:\phpStudy\WWW\th\Application\Home\Controller\IndexController.class.php 第 7 行.
NOTIC: [8] Use of undefined constant login - assumed 'login' D:\phpStudy\WWW\th\Application\Home\Controller\IndexController.class.php 第 7 行.
NOTIC: [2] Division by zero D:\phpStudy\WWW\th\Application\Home\Controller\IndexController.class.php 第 7 行.
NOTIC: [8] Use of undefined constant html - assumed 'html' D:\phpStudy\WWW\th\Application\Home\Controller\IndexController.class.php 第 7 行.
ERR: 模板不存在:./Application/Home/View/Index/html.html

[ 2018-06-25T17:21:50+08:00 ] ::1 /th/
INFO: [ app_init ] --START--
INFO: Run Behavior\BuildLiteBehavior [ RunTime:0.000000s ]
INFO: [ app_init ] --END-- [ RunTime:0.000000s ]
INFO: [ app_begin ] --START--
INFO: Run Behavior\ReadHtmlCacheBehavior [ RunTime:0.001000s ]
INFO: [ app_begin ] --END-- [ RunTime:0.001000s ]
NOTIC: [8] Use of undefined constant Index - assumed 'Index' D:\phpStudy\WWW\th\Application\Home\Controller\IndexController.class.php 第 7 行.
NOTIC: [8] Use of undefined constant login - assumed 'login' D:\phpStudy\WWW\th\Application\Home\Controller\IndexController.class.php 第 7 行.
NOTIC: [2] Division by zero D:\phpStudy\WWW\th\Application\Home\Controller\IndexController.class.php 第 7 行.
NOTIC: [8] Use of undefined constant html - assumed 'html' D:\phpStudy\WWW\th\Application\Home\Controller\IndexController.class.php 第 7 行.
ERR: 模板不存在:./Application/Home/View/Index/html.html

[ 2018-06-25T17:23:10+08:00 ] ::1 /th/index.php
INFO: [ app_init ] --START--
INFO: Run Behavior\BuildLiteBehavior [ RunTime:0.000000s ]
INFO: [ app_init ] --END-- [ RunTime:0.000000s ]
INFO: [ app_begin ] --START--
INFO: Run Behavior\ReadHtmlCacheBehavior [ RunTime:0.001000s ]
INFO: [ app_begin ] --END-- [ RunTime:0.001000s ]
NOTIC: [8] Use of undefined constant Index - assumed 'Index' D:\phpStudy\WWW\th\Application\Home\Controller\IndexController.class.php 第 7 行.
NOTIC: [8] Use of undefined constant login - assumed 'login' D:\phpStudy\WWW\th\Application\Home\Controller\IndexController.class.php 第 7 行.
NOTIC: [2] Division by zero D:\phpStudy\WWW\th\Application\Home\Controller\IndexController.class.php 第 7 行.
NOTIC: [8] Use of undefined constant html - assumed 'html' D:\phpStudy\WWW\th\Application\Home\Controller\IndexController.class.php 第 7 行.
ERR: 模板不存在:./Application/Home/View/Index/html.html

[ 2018-06-25T17:27:43+08:00 ] ::1 /th/
INFO: [ app_init ] --START--
INFO: Run Behavior\BuildLiteBehavior [ RunTime:0.000000s ]
INFO: [ app_init ] --END-- [ RunTime:0.001000s ]
INFO: [ app_begin ] --START--
INFO: Run Behavior\ReadHtmlCacheBehavior [ RunTime:0.000000s ]
INFO: [ app_begin ] --END-- [ RunTime:0.000000s ]

[ 2018-06-25T17:28:04+08:00 ] ::1 /th/
INFO: [ app_init ] --START--
INFO: Run Behavior\BuildLiteBehavior [ RunTime:0.000000s ]
INFO: [ app_init ] --END-- [ RunTime:0.000000s ]
INFO: [ app_begin ] --START--
INFO: Run Behavior\ReadHtmlCacheBehavior [ RunTime:0.001000s ]
INFO: [ app_begin ] --END-- [ RunTime:0.001000s ]
INFO: [ view_parse ] --START--
INFO: [ template_filter ] --START--
INFO: Run Behavior\ContentReplaceBehavior [ RunTime:0.000000s ]
INFO: [ template_filter ] --END-- [ RunTime:0.000000s ]
INFO: Run Behavior\ParseTemplateBehavior [ RunTime:0.006001s ]
INFO: [ view_parse ] --END-- [ RunTime:0.006001s ]
INFO: [ view_filter ] --START--
INFO: Run Behavior\WriteHtmlCacheBehavior [ RunTime:0.000000s ]
INFO: [ view_filter ] --END-- [ RunTime:0.000000s ]
INFO: [ app_end ] --START--
INFO: Run Behavior\ShowPageTraceBehavior [ RunTime:0.001000s ]
INFO: [ app_end ] --END-- [ RunTime:0.001000s ]

[ 2018-06-25T17:31:21+08:00 ] ::1 /th/
INFO: [ app_init ] --START--
INFO: Run Behavior\BuildLiteBehavior [ RunTime:0.000000s ]
INFO: [ app_init ] --END-- [ RunTime:0.001000s ]
INFO: [ app_begin ] --START--
INFO: Run Behavior\ReadHtmlCacheBehavior [ RunTime:0.000000s ]
INFO: [ app_begin ] --END-- [ RunTime:0.000000s ]
INFO: [ view_parse ] --START--
INFO: [ template_filter ] --START--
INFO: Run Behavior\ContentReplaceBehavior [ RunTime:0.000000s ]
INFO: [ template_filter ] --END-- [ RunTime:0.000000s ]
INFO: Run Behavior\ParseTemplateBehavior [ RunTime:0.005000s ]
INFO: [ view_parse ] --END-- [ RunTime:0.005000s ]
INFO: [ view_filter ] --START--
INFO: Run Behavior\WriteHtmlCacheBehavior [ RunTime:0.001000s ]
INFO: [ view_filter ] --END-- [ RunTime:0.001000s ]
INFO: [ app_end ] --START--
INFO: Run Behavior\ShowPageTraceBehavior [ RunTime:0.000000s ]
INFO: [ app_end ] --END-- [ RunTime:0.000000s ]

